Added Component: Designator=U4(LFCSP_32)
Added Pin To Net: NetName=GND Pin=U4-1
Added Pin To Net: NetName=DVDDOUT Pin=U4-2
Added Pin To Net: NetName=CLKOUT_9153 Pin=U4-3
Added Pin To Net: NetName=CLKIN_9153 Pin=U4-4
Added Pin To Net: NetName=3.3V Pin=U4-5
Added Pin To Net: NetName=IAMS Pin=U4-6
Added Pin To Net: NetName=IAN Pin=U4-7
Added Pin To Net: NetName=IAP Pin=U4-8
Added Pin To Net: NetName=GND Pin=U4-9
Added Pin To Net: NetName=VDDOUT2P5 Pin=U4-10
Added Pin To Net: NetName=IBN Pin=U4-11
Added Pin To Net: NetName=IBP Pin=U4-12
Added Pin To Net: NetName=VAMS Pin=U4-13
Added Pin To Net: NetName=VAP Pin=U4-14
Added Pin To Net: NetName=VAN Pin=U4-15
Added Pin To Net: NetName=AVDDOUT Pin=U4-16
Added Pin To Net: NetName=GND Pin=U4-17
Added Pin To Net: NetName=REFIN Pin=U4-18
Added Pin To Net: NetName=IBMS Pin=U4-19
Added Pin To Net: NetName=GND Pin=U4-20
Added Pin To Net: NetName=MSH Pin=U4-21
Added Pin To Net: NetName=NetC17_2 Pin=U4-22
Added Pin To Net: NetName=NetC17_1 Pin=U4-23
Added Pin To Net: NetName=3.3V Pin=U4-24
Added Pin To Net: NetName=9153_CF2 Pin=U4-25
Added Pin To Net: NetName=9153_CF1 Pin=U4-26
Added Pin To Net: NetName=9153_IRQ Pin=U4-27
Added Pin To Net: NetName=9153_RSTB Pin=U4-28
Added Pin To Net: NetName=9153_MOSI Pin=U4-29
Added Pin To Net: NetName=9153_MISO Pin=U4-30
Added Pin To Net: NetName=9153_SCLK Pin=U4-31
Added Pin To Net: NetName=9153_CSB Pin=U4-32
Added Member To Class: ClassName=sch Member=Component U4 9153
Added Room: Name=sch
